2019-10-30 13:37:05,278 - SepMe - INFO - MLFLOW_TRACKING_URI - http://localhost:5000
2019-10-30 13:40:43,841 - SepMe - INFO - MLFLOW_TRACKING_URI - http://localhost:5000
2019-10-30 13:57:31,471 - SepMe - INFO - MLFLOW_TRACKING_URI - http://localhost:5000
2019-10-30 14:04:26,913 - SepMe - INFO - MLFLOW_TRACKING_URI - http://localhost:5000
2019-10-30 14:28:24,191 - SepMe - INFO - MLFLOW_TRACKING_URI - http://localhost:5000
2019-10-30 14:28:50,668 - SepMe - INFO - MLFLOW_TRACKING_URI - http://localhost:5000
2019-10-30 14:28:54,199 - SepMe - INFO - {'experiment_name': 'test', 'data_path': 'data/orig_data/human_reduced_results.csv', 'folder_path': 'data/orig_data/input_data/reduced_clean/', 'results_path': 'data/orig_data/graph_results/res_', 'graph_path': 'data/orig_data/graphs/', 'graph_types': {'del': None}, 'purities': {'type': ['mcec', 'ltcc', 'cp', 'ce', 'mv'], 'pessimism': [True, False], 'class': 1}}
2019-10-30 14:28:54,200 - SepMe - INFO - Number of processors: 6
2019-10-30 14:44:11,815 - SepMe - INFO - MLFLOW_TRACKING_URI - http://localhost:5000
2019-10-30 14:44:15,054 - SepMe - INFO - {'experiment_name': 'test', 'data_path': '../data/orig_data/human_reduced_results.csv', 'folder_path': '../data/orig_data/input_data/reduced_clean/', 'results_path': '../data/orig_data/graph_results/res_', 'graph_path': '../data/orig_data/graphs/', 'graph_types': {'del': None}, 'purities': {'type': ['mcec', 'ltcc', 'cp', 'ce', 'mv'], 'pessimism': [True, False], 'class': 1}}
2019-10-30 14:44:15,055 - SepMe - INFO - Number of processors: 6
2019-10-31 18:49:46,153 - SepMe - INFO - MLFLOW_TRACKING_URI - http://localhost:5000
2019-10-31 18:49:50,317 - SepMe - INFO - {'experiment_name': 'test', 'data_path': '../data/orig_data/human_reduced_results.csv', 'folder_path': '../data/orig_data/input_data/reduced_clean/', 'results_path': '../data/orig_data/graph_results/res_', 'graph_path': '../data/orig_data/graphs/', 'graph_types': {'del': None}, 'purities': {'type': ['mcec', 'ltcc', 'cp', 'ce', 'mv'], 'pessimism': [True, False], 'class': 1}}
2019-10-31 18:49:50,317 - SepMe - INFO - Number of processors: 6
2019-10-31 18:49:50,751 - SepMe - INFO - MLFLOW_TRACKING_URI - http://localhost:5000
2019-10-31 18:49:50,751 - SepMe - INFO - MLFLOW_TRACKING_URI - http://localhost:5000
2019-10-31 18:49:50,751 - SepMe - INFO - MLFLOW_TRACKING_URI - http://localhost:5000
2019-10-31 18:49:50,758 - SepMe - INFO - MLFLOW_TRACKING_URI - http://localhost:5000
2019-10-31 18:49:50,759 - SepMe - INFO - MLFLOW_TRACKING_URI - http://localhost:5000
2019-10-31 18:49:50,760 - SepMe - INFO - MLFLOW_TRACKING_URI - http://localhost:5000
2019-10-31 18:49:50,761 - SepMe - INFO - MLFLOW_TRACKING_URI - http://localhost:5000
2019-10-31 18:49:50,762 - SepMe - INFO - MLFLOW_TRACKING_URI - http://localhost:5000
2019-10-31 18:52:03,158 - SepMe - INFO - MLFLOW_TRACKING_URI - http://localhost:5000
2019-10-31 18:52:06,645 - SepMe - INFO - {'experiment_name': 'test', 'data_path': '../data/orig_data/human_reduced_results.csv', 'folder_path': '../data/orig_data/input_data/reduced_clean/', 'results_path': '../data/orig_data/graph_results/res_', 'graph_path': '../data/orig_data/graphs/', 'graph_types': {'del': None}, 'purities': {'type': ['mcec', 'ltcc', 'cp', 'ce', 'mv'], 'pessimism': [True, False], 'class': 1}}
2019-10-31 18:52:06,645 - SepMe - INFO - Number of processors: 6
2019-10-31 18:52:06,957 - SepMe - INFO - MLFLOW_TRACKING_URI - http://localhost:5000
2019-10-31 18:52:06,959 - SepMe - INFO - MLFLOW_TRACKING_URI - http://localhost:5000
2019-10-31 18:52:06,965 - SepMe - INFO - MLFLOW_TRACKING_URI - http://localhost:5000
2019-10-31 18:52:06,967 - SepMe - INFO - MLFLOW_TRACKING_URI - http://localhost:5000
2019-10-31 18:52:06,968 - SepMe - INFO - MLFLOW_TRACKING_URI - http://localhost:5000
2019-10-31 18:52:06,969 - SepMe - INFO - MLFLOW_TRACKING_URI - http://localhost:5000
2019-10-31 18:52:06,970 - SepMe - INFO - MLFLOW_TRACKING_URI - http://localhost:5000
2019-10-31 18:52:06,972 - SepMe - INFO - MLFLOW_TRACKING_URI - http://localhost:5000
2019-10-31 18:52:08,450 - SepMe - INFO - Calculating Neighbourhood graphs...
2019-10-31 18:54:09,292 - SepMe - INFO - MLFLOW_TRACKING_URI - http://localhost:5000
2019-10-31 18:54:12,348 - SepMe - INFO - {'experiment_name': 'test', 'data_path': '../data/orig_data/human_reduced_results.csv', 'folder_path': '../data/orig_data/input_data/reduced_clean/', 'results_path': '../data/orig_data/graph_results/res_', 'graph_path': '../data/orig_data/graphs/', 'graph_types': {'del': None}, 'purities': {'type': ['mcec', 'ltcc', 'cp', 'ce', 'mv'], 'pessimism': [True, False], 'class': 1}}
2019-10-31 18:54:12,349 - SepMe - INFO - Number of processors: 6
2019-10-31 18:54:12,700 - SepMe - INFO - MLFLOW_TRACKING_URI - http://localhost:5000
2019-10-31 18:54:12,705 - SepMe - INFO - MLFLOW_TRACKING_URI - http://localhost:5000
2019-10-31 18:54:12,706 - SepMe - INFO - MLFLOW_TRACKING_URI - http://localhost:5000
2019-10-31 18:54:12,706 - SepMe - INFO - MLFLOW_TRACKING_URI - http://localhost:5000
2019-10-31 18:54:12,707 - SepMe - INFO - MLFLOW_TRACKING_URI - http://localhost:5000
2019-10-31 18:54:12,711 - SepMe - INFO - MLFLOW_TRACKING_URI - http://localhost:5000
2019-10-31 18:54:12,712 - SepMe - INFO - MLFLOW_TRACKING_URI - http://localhost:5000
2019-10-31 18:54:12,722 - SepMe - INFO - MLFLOW_TRACKING_URI - http://localhost:5000
2019-10-31 18:57:52,199 - SepMe - INFO - MLFLOW_TRACKING_URI - http://localhost:5000
2019-10-31 18:57:52,989 - SepMe - INFO - {'experiment_name': 'test', 'data_path': '../data/orig_data/human_reduced_results.csv', 'folder_path': '../data/orig_data/input_data/reduced_clean/', 'results_path': '../data/orig_data/graph_results/res_', 'graph_path': '../data/orig_data/graphs/', 'graph_types': {'del': None}, 'purities': {'type': ['mcec', 'ltcc', 'cp', 'ce', 'mv'], 'pessimism': [True, False], 'class': 1}}
2019-10-31 18:57:52,990 - SepMe - INFO - Number of processors: 6
2019-10-31 18:58:01,739 - SepMe - INFO - MLFLOW_TRACKING_URI - http://localhost:5000
2019-10-31 18:58:02,455 - SepMe - INFO - {'experiment_name': 'test', 'data_path': '../data/orig_data/human_reduced_results.csv', 'folder_path': '../data/orig_data/input_data/reduced_clean/', 'results_path': '../data/orig_data/graph_results/res_', 'graph_path': '../data/orig_data/graphs/', 'graph_types': {'del': None}, 'purities': {'type': ['mcec', 'ltcc', 'cp', 'ce', 'mv'], 'pessimism': [True, False], 'class': 1}}
2019-10-31 18:58:02,455 - SepMe - INFO - Number of processors: 6
2019-10-31 18:58:21,287 - SepMe - INFO - MLFLOW_TRACKING_URI - http://localhost:5000
2019-10-31 18:58:21,974 - SepMe - INFO - {'experiment_name': 'test', 'data_path': '../data/orig_data/human_reduced_results.csv', 'folder_path': '../data/orig_data/input_data/reduced_clean/', 'results_path': '../data/orig_data/graph_results/res_', 'graph_path': '../data/orig_data/graphs/', 'graph_types': {'del': None}, 'purities': {'type': ['mcec', 'ltcc', 'cp', 'ce', 'mv'], 'pessimism': [True, False], 'class': 1}}
2019-10-31 18:58:21,974 - SepMe - INFO - Number of processors: 6
2019-10-31 18:59:13,763 - SepMe - INFO - MLFLOW_TRACKING_URI - http://localhost:5000
2019-10-31 18:59:14,472 - SepMe - INFO - {'experiment_name': 'test', 'data_path': '../data/orig_data/human_reduced_results.csv', 'folder_path': '../data/orig_data/input_data/reduced_clean/', 'results_path': '../data/orig_data/graph_results/res_', 'graph_path': '../data/orig_data/graphs/', 'graph_types': {'del': None}, 'purities': {'type': ['mcec', 'ltcc', 'cp', 'ce', 'mv'], 'pessimism': [True, False], 'class': 1}}
2019-10-31 18:59:14,472 - SepMe - INFO - Number of processors: 6
2019-10-31 19:00:43,247 - SepMe - INFO - MLFLOW_TRACKING_URI - http://localhost:5000
2019-10-31 19:00:43,962 - SepMe - INFO - {'experiment_name': 'test', 'data_path': '../data/orig_data/human_reduced_results.csv', 'folder_path': '../data/orig_data/input_data/reduced_clean/', 'results_path': '../data/orig_data/graph_results/res_', 'graph_path': '../data/orig_data/graphs/', 'graph_types': {'del': None}, 'purities': {'type': ['mcec', 'ltcc', 'cp', 'ce', 'mv'], 'pessimism': [True, False], 'class': 1}}
2019-10-31 19:00:43,962 - SepMe - INFO - Number of processors: 6
2019-10-31 19:02:04,671 - SepMe - INFO - MLFLOW_TRACKING_URI - http://localhost:5000
2019-10-31 19:02:05,581 - SepMe - INFO - {'experiment_name': 'test', 'data_path': '../data/orig_data/human_reduced_results.csv', 'folder_path': '../data/orig_data/input_data/reduced_clean/', 'results_path': '../data/orig_data/graph_results/res_', 'graph_path': '../data/orig_data/graphs/', 'graph_types': {'del': None}, 'purities': {'type': ['mcec', 'ltcc', 'cp', 'ce', 'mv'], 'pessimism': [True, False], 'class': 1}}
2019-10-31 19:02:05,581 - SepMe - INFO - Number of processors: 6
2019-10-31 19:02:05,728 - SepMe - INFO - Metric logged: save_progress_time=0.00204
2019-10-31 19:02:05,728 - SepMe - INFO - Success! The workflow took 0.1490638256072998 seconds.
2019-10-31 19:02:52,640 - SepMe - INFO - MLFLOW_TRACKING_URI - http://localhost:5000
2019-10-31 19:02:53,382 - SepMe - INFO - {'experiment_name': 'test', 'data_path': '../data/orig_data/human_reduced_results.csv', 'folder_path': '../data/orig_data/input_data/reduced_clean/', 'results_path': '../data/orig_data/graph_results/res_', 'graph_path': '../data/orig_data/graphs/', 'graph_types': {'del': None}, 'purities': {'type': ['mcec', 'ltcc', 'cp', 'ce', 'mv'], 'pessimism': [True, False], 'class': 1}}
2019-10-31 19:02:53,382 - SepMe - INFO - Number of processors: 6
2019-10-31 19:02:53,521 - SepMe - INFO - Metric logged: save_progress_time=0.0014
2019-10-31 19:02:53,522 - SepMe - INFO - Success! The workflow took 0.14172697067260742 seconds.
2019-10-31 19:20:29,882 - SepMe - INFO - MLFLOW_TRACKING_URI - http://localhost:5000
2019-10-31 19:20:30,809 - SepMe - INFO - {'experiment_name': 'test', 'data_path': 'data/orig_data/human_reduced_results.csv', 'folder_path': 'data/orig_data/input_data/reduced_clean/', 'results_path': 'data/orig_data/graph_results/res_', 'graph_path': 'data/orig_data/graphs/', 'graph_types': {'del': None}, 'purities': {'type': ['mcec', 'ltcc', 'cp', 'ce', 'mv'], 'pessimism': [True, False], 'class': 1}}
2019-10-31 19:20:30,809 - SepMe - INFO - Number of processors: 6
